[2022-02-28T20:17:24.588] [DEBUG] cheese - login => username:admin,password:123456
[2022-02-28T20:17:24.590] [DEBUG] cheese - admin
[2022-02-28T20:17:24.606] [DEBUG] cheese - null
[2022-02-28T20:17:24.606] [DEBUG] cheese - null
[2022-02-28T20:17:53.339] [DEBUG] cheese - login => username:admin,password:123456
[2022-02-28T20:17:53.339] [DEBUG] cheese - admin
[2022-02-28T20:17:53.343] [DEBUG] cheese - null
[2022-02-28T20:17:53.343] [DEBUG] cheese - null
[2022-03-01T08:52:43.694] [DEBUG] cheese - login => username:admin,password:123456
[2022-03-01T08:52:43.697] [DEBUG] cheese - admin
[2022-03-01T08:52:43.745] [DEBUG] cheese - null
[2022-03-01T08:52:43.746] [DEBUG] cheese - null
[2022-03-01T15:50:28.575] [DEBUG] cheese - login => username:admin,password:123456
[2022-03-01T15:50:28.578] [DEBUG] cheese - admin
[2022-03-01T15:50:28.600] [DEBUG] cheese - null
[2022-03-01T15:50:28.602] [DEBUG] cheese - null
[2022-03-01T15:55:07.464] [DEBUG] cheese - login => username:admin,password:123456
[2022-03-01T15:55:07.465] [DEBUG] cheese - admin
[2022-03-01T15:55:07.468] [DEBUG] cheese - null
[2022-03-01T15:55:07.469] [DEBUG] cheese - null
[2022-03-01T16:15:21.745] [DEBUG] cheese - login => username:admin,password:123456
[2022-03-01T16:15:21.754] [DEBUG] cheese - admin
[2022-03-01T16:15:21.789] [DEBUG] cheese - null
[2022-03-01T16:15:21.789] [DEBUG] cheese - null
[2022-03-02T09:00:34.741] [DEBUG] cheese - login => username:admin,password:123456
[2022-03-02T09:00:34.742] [DEBUG] cheese - admin
[2022-03-02T09:00:34.785] [DEBUG] cheese - null
[2022-03-02T09:00:34.786] [DEBUG] cheese - null
[2022-03-02T09:38:20.625] [DEBUG] cheese - login => username:admin,password:123456
[2022-03-02T09:38:20.627] [DEBUG] cheese - admin
[2022-03-02T09:38:20.633] [DEBUG] cheese - null
[2022-03-02T09:38:20.633] [DEBUG] cheese - null
[2022-03-02T14:27:58.072] [DEBUG] cheese - login => username:wsh,password:123456
[2022-03-02T14:27:58.077] [DEBUG] cheese - wsh
[2022-03-02T14:27:58.153] [DEBUG] cheese - null
[2022-03-02T14:27:58.154] [DEBUG] cheese - null
[2022-03-02T14:28:00.209] [DEBUG] cheese - login => username:wsh,password:123456
[2022-03-02T14:28:00.209] [DEBUG] cheese - wsh
[2022-03-02T14:28:00.214] [DEBUG] cheese - null
[2022-03-02T14:28:00.215] [DEBUG] cheese - null
[2022-03-02T14:28:09.763] [DEBUG] cheese - login => username:admin,password:123456
[2022-03-02T14:28:09.763] [DEBUG] cheese - admin
[2022-03-02T14:28:09.770] [DEBUG] cheese - null
[2022-03-02T14:28:09.770] [DEBUG] cheese - null
[2022-03-02T14:28:11.185] [DEBUG] cheese - login => username:admin,password:123456
[2022-03-02T14:28:11.185] [DEBUG] cheese - admin
[2022-03-02T14:28:11.188] [DEBUG] cheese - null
[2022-03-02T14:28:11.188] [DEBUG] cheese - null
[2022-03-02T14:34:53.420] [DEBUG] cheese - login => username:admin,password:123456
[2022-03-02T14:34:53.420] [DEBUG] cheese - admin
[2022-03-02T14:34:53.425] [DEBUG] cheese - null
[2022-03-02T14:34:53.426] [DEBUG] cheese - null
[2022-03-02T14:35:01.269] [DEBUG] cheese - login => username:admin,password:123456
[2022-03-02T14:35:01.269] [DEBUG] cheese - admin
[2022-03-02T14:35:01.273] [DEBUG] cheese - null
[2022-03-02T14:35:01.273] [DEBUG] cheese - null
[2022-03-02T14:36:22.766] [DEBUG] cheese - login => username:admin,password:123456
[2022-03-02T14:36:22.766] [DEBUG] cheese - admin
[2022-03-02T14:36:22.770] [DEBUG] cheese - null
[2022-03-02T14:36:22.770] [DEBUG] cheese - null
[2022-03-02T14:36:44.755] [DEBUG] cheese - login => username:wsh,password:123458
[2022-03-02T14:36:44.755] [DEBUG] cheese - wsh
[2022-03-02T14:36:44.763] [DEBUG] cheese - null
[2022-03-02T14:36:44.763] [DEBUG] cheese - null
[2022-03-02T14:41:25.291] [DEBUG] cheese - login => username:wsh,password:123asd
[2022-03-02T14:41:25.291] [DEBUG] cheese - wsh
[2022-03-02T14:41:25.295] [DEBUG] cheese - null
[2022-03-02T14:41:25.295] [DEBUG] cheese - null
[2022-03-02T14:41:35.123] [DEBUG] cheese - login => username:admin,password:123456
[2022-03-02T14:41:35.123] [DEBUG] cheese - admin
[2022-03-02T14:41:35.127] [DEBUG] cheese - null
[2022-03-02T14:41:35.127] [DEBUG] cheese - null
[2022-03-02T14:43:06.788] [DEBUG] cheese - login => username:wsh,password:123111
[2022-03-02T14:43:06.788] [DEBUG] cheese - wsh
[2022-03-02T14:43:06.792] [DEBUG] cheese - null
[2022-03-02T14:43:06.792] [DEBUG] cheese - null
[2022-03-02T14:43:13.490] [DEBUG] cheese - login => username:admin,password:123456
[2022-03-02T14:43:13.491] [DEBUG] cheese - admin
[2022-03-02T14:43:13.495] [DEBUG] cheese - null
[2022-03-02T14:43:13.495] [DEBUG] cheese - null
[2022-03-02T14:43:18.416] [DEBUG] cheese - login => username:admin,password:123456
[2022-03-02T14:43:18.416] [DEBUG] cheese - admin
[2022-03-02T14:43:18.420] [DEBUG] cheese - null
[2022-03-02T14:43:18.420] [DEBUG] cheese - null
[2022-03-02T14:53:53.660] [DEBUG] cheese - login => username:wsh,password:123333
[2022-03-02T14:53:53.661] [DEBUG] cheese - wsh
[2022-03-02T14:53:53.663] [DEBUG] cheese - null
[2022-03-02T14:53:53.663] [DEBUG] cheese - null
[2022-03-02T14:54:02.750] [DEBUG] cheese - login => username:admin,password:123456
[2022-03-02T14:54:02.750] [DEBUG] cheese - admin
[2022-03-02T14:54:02.754] [DEBUG] cheese - null
[2022-03-02T14:54:02.754] [DEBUG] cheese - null
[2022-03-02T14:59:55.484] [DEBUG] cheese - login => username:wsh,password:123111
[2022-03-02T14:59:55.484] [DEBUG] cheese - wsh
[2022-03-02T14:59:55.486] [DEBUG] cheese - null
[2022-03-02T14:59:55.487] [DEBUG] cheese - null
[2022-03-02T15:00:11.651] [DEBUG] cheese - login => username:wshsadsad,password:123111
[2022-03-02T15:00:11.651] [DEBUG] cheese - wshsadsad
[2022-03-02T15:00:11.653] [DEBUG] cheese - null
[2022-03-02T15:00:11.653] [DEBUG] cheese - null
[2022-03-02T15:00:14.025] [DEBUG] cheese - login => username:wshsadsad,password:asdasdsada
[2022-03-02T15:00:14.025] [DEBUG] cheese - wshsadsad
[2022-03-02T15:00:14.027] [DEBUG] cheese - null
[2022-03-02T15:00:14.027] [DEBUG] cheese - null
[2022-03-02T15:00:37.098] [DEBUG] cheese - login => username:wsh,password:123sadsa
[2022-03-02T15:00:37.098] [DEBUG] cheese - wsh
[2022-03-02T15:00:37.100] [DEBUG] cheese - null
[2022-03-02T15:00:37.100] [DEBUG] cheese - null
[2022-03-02T15:00:42.394] [DEBUG] cheese - login => username:wshsdas,password:123sadsa
[2022-03-02T15:00:42.394] [DEBUG] cheese - wshsdas
[2022-03-02T15:00:42.396] [DEBUG] cheese - null
[2022-03-02T15:00:42.396] [DEBUG] cheese - null
[2022-03-02T15:00:48.771] [DEBUG] cheese - login => username:admin,password:123456
[2022-03-02T15:00:48.771] [DEBUG] cheese - admin
[2022-03-02T15:00:48.775] [DEBUG] cheese - null
[2022-03-02T15:00:48.775] [DEBUG] cheese - null
[2022-03-02T15:18:44.838] [DEBUG] cheese - login => username:admin,password:123456
[2022-03-02T15:18:44.838] [DEBUG] cheese - admin
[2022-03-02T15:18:44.840] [DEBUG] cheese - null
[2022-03-02T15:18:44.840] [DEBUG] cheese - null
[2022-03-02T15:42:33.320] [DEBUG] cheese - login => username:admin,password:123456
[2022-03-02T15:42:33.320] [DEBUG] cheese - admin
[2022-03-02T15:42:33.323] [DEBUG] cheese - null
[2022-03-02T15:42:33.323] [DEBUG] cheese - null
[2022-03-02T16:00:31.300] [DEBUG] cheese - login => username:admin,password:123456
[2022-03-02T16:00:31.300] [DEBUG] cheese - admin
[2022-03-02T16:00:31.303] [DEBUG] cheese - null
[2022-03-02T16:00:31.303] [DEBUG] cheese - null
[2022-03-02T16:01:24.165] [DEBUG] cheese - login => username:admin,password:123456
[2022-03-02T16:01:24.165] [DEBUG] cheese - admin
[2022-03-02T16:01:24.169] [DEBUG] cheese - null
[2022-03-02T16:01:24.169] [DEBUG] cheese - null
[2022-03-02T16:01:42.787] [DEBUG] cheese - login => username:admin,password:123456
[2022-03-02T16:01:42.787] [DEBUG] cheese - admin
[2022-03-02T16:01:42.792] [DEBUG] cheese - null
[2022-03-02T16:01:42.792] [DEBUG] cheese - null
[2022-03-02T16:01:59.021] [DEBUG] cheese - login => username:admin,password:123456
[2022-03-02T16:01:59.021] [DEBUG] cheese - admin
[2022-03-02T16:01:59.023] [DEBUG] cheese - null
[2022-03-02T16:01:59.023] [DEBUG] cheese - null
[2022-03-02T16:13:29.329] [DEBUG] cheese - login => username:admin,password:123456
[2022-03-02T16:13:29.329] [DEBUG] cheese - admin
[2022-03-02T16:13:29.331] [DEBUG] cheese - null
[2022-03-02T16:13:29.331] [DEBUG] cheese - null
[2022-03-02T16:14:58.347] [DEBUG] cheese - login => username:admin,password:123456
[2022-03-02T16:14:58.347] [DEBUG] cheese - admin
[2022-03-02T16:14:58.349] [DEBUG] cheese - null
[2022-03-02T16:14:58.349] [DEBUG] cheese - null
[2022-03-02T16:34:36.557] [DEBUG] cheese - login => username:admin,password:123456
[2022-03-02T16:34:36.557] [DEBUG] cheese - admin
[2022-03-02T16:34:36.560] [DEBUG] cheese - null
[2022-03-02T16:34:36.560] [DEBUG] cheese - null
[2022-03-02T16:59:24.489] [DEBUG] cheese - login => username:admin,password:123456
[2022-03-02T16:59:24.490] [DEBUG] cheese - admin
[2022-03-02T16:59:24.494] [DEBUG] cheese - null
[2022-03-02T16:59:24.494] [DEBUG] cheese - null
[2022-03-02T16:59:29.562] [DEBUG] cheese - login => username:admin,password:123456
[2022-03-02T16:59:29.562] [DEBUG] cheese - admin
[2022-03-02T16:59:29.565] [DEBUG] cheese - null
[2022-03-02T16:59:29.565] [DEBUG] cheese - null
[2022-03-02T17:00:35.077] [DEBUG] cheese - login => username:admin,password:123456
[2022-03-02T17:00:35.077] [DEBUG] cheese - admin
[2022-03-02T17:00:35.079] [DEBUG] cheese - null
[2022-03-02T17:00:35.080] [DEBUG] cheese - null
[2022-03-02T18:14:53.054] [DEBUG] cheese - login => username:admin,password:123456
[2022-03-02T18:14:53.054] [DEBUG] cheese - admin
[2022-03-02T18:14:53.060] [DEBUG] cheese - null
[2022-03-02T18:14:53.060] [DEBUG] cheese - null
[2022-03-02T18:14:55.421] [DEBUG] cheese - login => username:admin,password:123456
[2022-03-02T18:14:55.421] [DEBUG] cheese - admin
[2022-03-02T18:14:55.423] [DEBUG] cheese - null
[2022-03-02T18:14:55.423] [DEBUG] cheese - null
[2022-03-02T18:34:26.413] [DEBUG] cheese - login => username:admin,password:123456
[2022-03-02T18:34:26.413] [DEBUG] cheese - admin
[2022-03-02T18:34:26.417] [DEBUG] cheese - null
[2022-03-02T18:34:26.417] [DEBUG] cheese - null
[2022-03-02T18:35:37.575] [DEBUG] cheese - login => username:admin,password:123456
[2022-03-02T18:35:37.575] [DEBUG] cheese - admin
[2022-03-02T18:35:37.580] [DEBUG] cheese - null
[2022-03-02T18:35:37.580] [DEBUG] cheese - null
[2022-03-02T18:54:45.427] [DEBUG] cheese - login => username:admin,password:123456
[2022-03-02T18:54:45.427] [DEBUG] cheese - admin
[2022-03-02T18:54:45.430] [DEBUG] cheese - null
[2022-03-02T18:54:45.430] [DEBUG] cheese - null
[2022-03-02T19:33:09.834] [DEBUG] cheese - login => username:admin,password:123456
[2022-03-02T19:33:09.835] [DEBUG] cheese - admin
[2022-03-02T19:33:09.841] [DEBUG] cheese - null
[2022-03-02T19:33:09.841] [DEBUG] cheese - null
[2022-03-02T19:34:46.377] [DEBUG] cheese - login => username:admin,password:123456
[2022-03-02T19:34:46.377] [DEBUG] cheese - admin
[2022-03-02T19:34:46.379] [DEBUG] cheese - null
[2022-03-02T19:34:46.379] [DEBUG] cheese - null
[2022-03-02T21:17:25.023] [DEBUG] cheese - login => username:admin,password:123456
[2022-03-02T21:17:25.024] [DEBUG] cheese - admin
[2022-03-02T21:17:25.033] [DEBUG] cheese - null
[2022-03-02T21:17:25.033] [DEBUG] cheese - null
[2022-03-02T21:27:31.556] [DEBUG] cheese - login => username:admin,password:123456
[2022-03-02T21:27:31.556] [DEBUG] cheese - admin
[2022-03-02T21:27:31.559] [DEBUG] cheese - null
[2022-03-02T21:27:31.559] [DEBUG] cheese - null
[2022-03-03T08:32:40.984] [DEBUG] cheese - login => username:admin,password:123456
[2022-03-03T08:32:40.985] [DEBUG] cheese - admin
[2022-03-03T08:32:41.026] [DEBUG] cheese - null
[2022-03-03T08:32:41.027] [DEBUG] cheese - null
[2022-03-03T08:32:49.783] [DEBUG] cheese - login => username:admin,password:123456
[2022-03-03T08:32:49.784] [DEBUG] cheese - admin
[2022-03-03T08:32:49.788] [DEBUG] cheese - null
[2022-03-03T08:32:49.788] [DEBUG] cheese - null
[2022-03-03T09:17:47.224] [DEBUG] cheese - login => username:admin,password:123456
[2022-03-03T09:17:47.225] [DEBUG] cheese - admin
[2022-03-03T09:17:47.244] [DEBUG] cheese - null
[2022-03-03T09:17:47.244] [DEBUG] cheese - null
[2022-03-03T10:10:38.048] [DEBUG] cheese - login => username:admin,password:123456
[2022-03-03T10:10:38.052] [DEBUG] cheese - admin
[2022-03-03T10:10:38.058] [DEBUG] cheese - null
[2022-03-03T10:10:38.058] [DEBUG] cheese - null
[2022-03-03T10:48:08.302] [DEBUG] cheese - login => username:admin,password:123456
[2022-03-03T10:48:08.303] [DEBUG] cheese - admin
[2022-03-03T10:48:08.318] [DEBUG] cheese - null
[2022-03-03T10:48:08.318] [DEBUG] cheese - null
[2022-03-03T10:49:29.472] [DEBUG] cheese - login => username:admin,password:123456
[2022-03-03T10:49:29.472] [DEBUG] cheese - admin
[2022-03-03T10:49:29.474] [DEBUG] cheese - null
[2022-03-03T10:49:29.474] [DEBUG] cheese - null
[2022-03-03T10:51:02.406] [DEBUG] cheese - login => username:admin,password:123456
[2022-03-03T10:51:02.406] [DEBUG] cheese - admin
[2022-03-03T10:51:02.409] [DEBUG] cheese - null
[2022-03-03T10:51:02.409] [DEBUG] cheese - null
[2022-03-03T10:52:08.733] [DEBUG] cheese - login => username:admin,password:123456
[2022-03-03T10:52:08.733] [DEBUG] cheese - admin
[2022-03-03T10:52:08.736] [DEBUG] cheese - null
[2022-03-03T10:52:08.736] [DEBUG] cheese - null
[2022-03-03T14:26:50.821] [DEBUG] cheese - login => username:admin,password:123456
[2022-03-03T14:26:50.823] [DEBUG] cheese - admin
[2022-03-03T14:26:50.830] [DEBUG] cheese - null
[2022-03-03T14:26:50.831] [DEBUG] cheese - null
[2022-03-03T14:38:54.354] [DEBUG] cheese - login => username:admin,password:123456
[2022-03-03T14:38:54.355] [DEBUG] cheese - admin
[2022-03-03T14:38:54.372] [DEBUG] cheese - null
[2022-03-03T14:38:54.373] [DEBUG] cheese - null
[2022-03-03T15:59:24.442] [DEBUG] cheese - login => username:admin,password:123456
[2022-03-03T15:59:24.444] [DEBUG] cheese - admin
[2022-03-03T15:59:24.448] [DEBUG] cheese - null
[2022-03-03T15:59:24.448] [DEBUG] cheese - null
[2022-03-04T09:14:43.117] [DEBUG] cheese - login => username:admin,password:123456
[2022-03-04T09:14:43.118] [DEBUG] cheese - admin
[2022-03-04T09:14:43.157] [DEBUG] cheese - null
[2022-03-04T09:14:43.158] [DEBUG] cheese - null
[2022-03-04T09:20:46.504] [DEBUG] cheese - login => username:admin,password:123456
[2022-03-04T09:20:46.504] [DEBUG] cheese - admin
[2022-03-04T09:20:46.506] [DEBUG] cheese - null
[2022-03-04T09:20:46.506] [DEBUG] cheese - null
[2022-03-04T11:25:34.366] [DEBUG] cheese - login => username:admin,password:123456
[2022-03-04T11:25:34.366] [DEBUG] cheese - admin
[2022-03-04T11:25:34.372] [DEBUG] cheese - null
[2022-03-04T11:25:34.373] [DEBUG] cheese - null
[2022-03-04T11:55:16.162] [DEBUG] cheese - login => username:admin,password:123456
[2022-03-04T11:55:16.162] [DEBUG] cheese - admin
[2022-03-04T11:55:16.164] [DEBUG] cheese - null
[2022-03-04T11:55:16.165] [DEBUG] cheese - null
[2022-03-04T11:57:55.722] [DEBUG] cheese - login => username:admin,password:123456
[2022-03-04T11:57:55.722] [DEBUG] cheese - admin
[2022-03-04T11:57:55.724] [DEBUG] cheese - null
[2022-03-04T11:57:55.725] [DEBUG] cheese - null
[2022-03-04T14:40:16.559] [DEBUG] cheese - login => username:admin,password:123456
[2022-03-04T14:40:16.561] [DEBUG] cheese - admin
[2022-03-04T14:40:16.598] [DEBUG] cheese - null
[2022-03-04T14:40:16.599] [DEBUG] cheese - null
[2022-03-04T15:15:13.121] [DEBUG] cheese - login => username:admin,password:123456
[2022-03-04T15:15:13.121] [DEBUG] cheese - admin
[2022-03-04T15:15:13.124] [DEBUG] cheese - null
[2022-03-04T15:15:13.124] [DEBUG] cheese - null
[2022-03-04T16:06:07.152] [DEBUG] cheese - login => username:admin,password:123456
[2022-03-04T16:06:07.153] [DEBUG] cheese - admin
[2022-03-04T16:06:07.159] [DEBUG] cheese - null
[2022-03-04T16:06:07.159] [DEBUG] cheese - null
[2022-03-04T16:16:58.493] [DEBUG] cheese - login => username:admin,password:123456
[2022-03-04T16:16:58.494] [DEBUG] cheese - admin
[2022-03-04T16:16:58.496] [DEBUG] cheese - null
[2022-03-04T16:16:58.496] [DEBUG] cheese - null
[2022-03-04T17:05:22.018] [DEBUG] cheese - login => username:admin,password:123456
[2022-03-04T17:05:22.019] [DEBUG] cheese - admin
[2022-03-04T17:05:22.024] [DEBUG] cheese - null
[2022-03-04T17:05:22.024] [DEBUG] cheese - null
[2022-03-04T17:23:16.103] [DEBUG] cheese - login => username:admin,password:123456
[2022-03-04T17:23:16.103] [DEBUG] cheese - admin
[2022-03-04T17:23:16.108] [DEBUG] cheese - null
[2022-03-04T17:23:16.108] [DEBUG] cheese - null
[2022-03-04T17:23:34.375] [DEBUG] cheese - login => username:admin,password:123456
[2022-03-04T17:23:34.375] [DEBUG] cheese - admin
[2022-03-04T17:23:34.378] [DEBUG] cheese - null
[2022-03-04T17:23:34.378] [DEBUG] cheese - null
[2022-03-04T19:11:59.089] [DEBUG] cheese - login => username:admin,password:123456
[2022-03-04T19:11:59.090] [DEBUG] cheese - admin
[2022-03-04T19:11:59.097] [DEBUG] cheese - null
[2022-03-04T19:11:59.097] [DEBUG] cheese - null
[2022-03-04T19:16:09.150] [DEBUG] cheese - login => username:admin,password:123456
[2022-03-04T19:16:09.150] [DEBUG] cheese - admin
[2022-03-04T19:16:09.152] [DEBUG] cheese - null
[2022-03-04T19:16:09.152] [DEBUG] cheese - null
[2022-03-04T21:37:30.817] [DEBUG] cheese - null
[2022-03-04T21:38:02.223] [DEBUG] cheese - null
[2022-03-04T21:39:37.732] [DEBUG] cheese - null
[2022-03-04T21:40:29.307] [DEBUG] cheese - null
[2022-03-04T21:42:28.892] [DEBUG] cheese - null
[2022-03-04T21:42:32.347] [DEBUG] cheese - null
[2022-03-04T21:42:35.947] [DEBUG] cheese - null
[2022-03-05T09:01:38.789] [DEBUG] cheese - login => username:admin,password:123456
[2022-03-05T09:01:38.791] [DEBUG] cheese - admin
[2022-03-05T09:01:38.843] [DEBUG] cheese - null
[2022-03-05T09:01:38.843] [DEBUG] cheese - null
[2022-03-05T10:08:03.874] [DEBUG] cheese - login => username:admin,password:123456
[2022-03-05T10:08:03.875] [DEBUG] cheese - admin
[2022-03-05T10:08:03.878] [DEBUG] cheese - null
[2022-03-05T10:08:03.878] [DEBUG] cheese - null
[2022-03-05T11:44:48.038] [DEBUG] cheese - login => username:admin,password:123456
[2022-03-05T11:44:48.039] [DEBUG] cheese - admin
[2022-03-05T11:44:48.041] [DEBUG] cheese - null
[2022-03-05T11:44:48.041] [DEBUG] cheese - null
[2022-03-05T11:46:37.335] [DEBUG] cheese - login => username:admin,password:123456
[2022-03-05T11:46:37.335] [DEBUG] cheese - admin
[2022-03-05T11:46:37.337] [DEBUG] cheese - null
[2022-03-05T11:46:37.337] [DEBUG] cheese - null
[2022-03-05T11:47:22.270] [DEBUG] cheese - login => username:admin,password:123456
[2022-03-05T11:47:22.270] [DEBUG] cheese - admin
[2022-03-05T11:47:22.273] [DEBUG] cheese - null
[2022-03-05T11:47:22.273] [DEBUG] cheese - null
[2022-03-05T11:55:34.622] [DEBUG] cheese - login => username:admin,password:123456
[2022-03-05T11:55:34.622] [DEBUG] cheese - admin
[2022-03-05T11:55:34.624] [DEBUG] cheese - null
[2022-03-05T11:55:34.624] [DEBUG] cheese - null
[2022-03-05T13:59:41.239] [DEBUG] cheese - login => username:admin,password:123456
[2022-03-05T13:59:41.239] [DEBUG] cheese - admin
[2022-03-05T13:59:41.241] [DEBUG] cheese - null
[2022-03-05T13:59:41.242] [DEBUG] cheese - null
[2022-03-05T14:00:29.575] [DEBUG] cheese - login => username:admin,password:123456
[2022-03-05T14:00:29.575] [DEBUG] cheese - admin
[2022-03-05T14:00:29.577] [DEBUG] cheese - null
[2022-03-05T14:00:29.577] [DEBUG] cheese - null
[2022-03-05T14:59:36.109] [DEBUG] cheese - null
[2022-03-05T15:03:58.756] [DEBUG] cheese - login => username:admin,password:123456
[2022-03-05T15:03:58.756] [DEBUG] cheese - admin
[2022-03-05T15:03:58.759] [DEBUG] cheese - null
[2022-03-05T15:03:58.760] [DEBUG] cheese - null
[2022-03-05T15:41:59.887] [DEBUG] cheese - login => username:admin,password:123456
[2022-03-05T15:41:59.888] [DEBUG] cheese - admin
[2022-03-05T15:41:59.895] [DEBUG] cheese - null
[2022-03-05T15:41:59.895] [DEBUG] cheese - null
[2022-03-05T17:23:51.233] [DEBUG] cheese - login => username:admin,password:123456
[2022-03-05T17:23:51.235] [DEBUG] cheese - admin
[2022-03-05T17:23:51.238] [DEBUG] cheese - null
[2022-03-05T17:23:51.239] [DEBUG] cheese - null
[2022-03-05T17:27:51.343] [DEBUG] cheese - login => username:admin,password:123456
[2022-03-05T17:27:51.344] [DEBUG] cheese - admin
[2022-03-05T17:27:51.347] [DEBUG] cheese - null
[2022-03-05T17:27:51.348] [DEBUG] cheese - null
[2022-03-05T17:30:41.708] [DEBUG] cheese - login => username:admin,password:123456
[2022-03-05T17:30:41.710] [DEBUG] cheese - admin
[2022-03-05T17:30:41.717] [DEBUG] cheese - null
[2022-03-05T17:30:41.717] [DEBUG] cheese - null
[2022-03-05T17:46:58.550] [DEBUG] cheese - login => username:admin,password:123456
[2022-03-05T17:46:58.551] [DEBUG] cheese - admin
[2022-03-05T17:46:58.556] [DEBUG] cheese - null
[2022-03-05T17:46:58.556] [DEBUG] cheese - null
[2022-03-07T08:49:58.969] [DEBUG] cheese - login => username:admin,password:123456
[2022-03-07T08:49:58.970] [DEBUG] cheese - admin
[2022-03-07T08:49:59.007] [DEBUG] cheese - null
[2022-03-07T08:49:59.007] [DEBUG] cheese - null
[2022-03-07T09:00:58.199] [DEBUG] cheese - login => username:admin,password:123456
[2022-03-07T09:00:58.201] [DEBUG] cheese - admin
[2022-03-07T09:00:58.292] [DEBUG] cheese - null
[2022-03-07T09:00:58.293] [DEBUG] cheese - null
[2022-03-07T09:56:23.053] [DEBUG] cheese - login => username:admin,password:123456
[2022-03-07T09:56:23.054] [DEBUG] cheese - admin
[2022-03-07T09:56:23.060] [DEBUG] cheese - null
[2022-03-07T09:56:23.060] [DEBUG] cheese - null
[2022-03-07T19:53:20.681] [DEBUG] cheese - login => username:admin,password:123456
[2022-03-07T19:53:20.683] [DEBUG] cheese - admin
[2022-03-07T19:53:20.692] [DEBUG] cheese - null
[2022-03-07T19:53:20.693] [DEBUG] cheese - null
[2022-03-07T20:01:30.555] [DEBUG] cheese - login => username:admin,password:123456
[2022-03-07T20:01:30.556] [DEBUG] cheese - admin
[2022-03-07T20:01:30.560] [DEBUG] cheese - null
[2022-03-07T20:01:30.560] [DEBUG] cheese - null
[2022-03-08T08:34:10.851] [DEBUG] cheese - login => username:admin,password:123456
[2022-03-08T08:34:10.852] [DEBUG] cheese - admin
[2022-03-08T08:34:10.892] [DEBUG] cheese - null
[2022-03-08T08:34:10.893] [DEBUG] cheese - null
[2022-03-08T08:42:14.943] [DEBUG] cheese - login => username:admin,password:123456
[2022-03-08T08:42:14.944] [DEBUG] cheese - admin
[2022-03-08T08:42:14.954] [DEBUG] cheese - null
[2022-03-08T08:42:14.955] [DEBUG] cheese - null
[2022-03-08T08:58:43.787] [DEBUG] cheese - login => username:admin,password:123456
[2022-03-08T08:58:43.788] [DEBUG] cheese - admin
[2022-03-08T08:58:43.792] [DEBUG] cheese - null
[2022-03-08T08:58:43.792] [DEBUG] cheese - null
[2022-03-08T09:18:51.878] [DEBUG] cheese - null
[2022-03-08T09:20:05.516] [DEBUG] cheese - null
[2022-03-08T09:21:44.392] [DEBUG] cheese - null
[2022-03-08T09:42:59.545] [DEBUG] cheese - login => username:admin,password:123456
[2022-03-08T09:42:59.547] [DEBUG] cheese - admin
[2022-03-08T09:42:59.555] [DEBUG] cheese - null
[2022-03-08T09:42:59.556] [DEBUG] cheese - null
[2022-03-08T10:43:15.360] [DEBUG] cheese - login => username:admin,password:123456
[2022-03-08T10:43:15.363] [DEBUG] cheese - admin
[2022-03-08T10:43:15.398] [DEBUG] cheese - null
[2022-03-08T10:43:15.399] [DEBUG] cheese - null
[2022-03-08T11:30:11.935] [DEBUG] cheese - login => username:admin,password:123456
[2022-03-08T11:30:11.936] [DEBUG] cheese - admin
[2022-03-08T11:30:12.047] [DEBUG] cheese - null
[2022-03-08T11:30:12.047] [DEBUG] cheese - null
